*** Using Compiler 'V6.24', folder: 'D:\Keil5\ARM\ARMCLANG\Bin'
Build target 'seven_Segment_Display'
assembling startup_stm32f103xb.s...
compiling gpio.c...
compiling stm32f1xx_hal.c...
compiling stm32f1xx_hal_msp.c...
compiling stm32f1xx_hal_dma.c...
compiling stm32f1xx_hal_cortex.c...
compiling stm32f1xx_hal_rcc.c...
compiling main.c...
compiling stm32f1xx_hal_gpio_ex.c...
compiling stm32f1xx_hal_exti.c...
compiling stm32f1xx_hal_flash_ex.c...
compiling stm32f1xx_it.c...
compiling system_stm32f1xx.c...
compiling stm32f1xx_hal_rcc_ex.c...
compiling stm32f1xx_hal_pwr.c...
compiling stm32f1xx_hal_gpio.c...
compiling stm32f1xx_hal_flash.c...
linking...
Program Size: Code=2434 RO-data=302 RW-data=12 ZI-data=1644  
FromELF: creating hex file...
"seven_Segment_Display\seven_Segment_Display.axf" - 0 Error(s), 0 Warning(s).
Build Time Elapsed:  00:00:02
